[2024-12-17 14:49:55] Added 2 and 2, result = 4
[2024-12-17 14:54:10] Added 2 and 2, result = 4
[2024-12-17 15:13:37] Add 1 and 2: Result = 3
[2024-12-17 15:13:42] Add 1 and 1: Result = 2
[2024-12-17 15:16:54] Add 2 and 2: Result = 4
[2024-12-17 15:18:19] Add 2 and 2: Result = 4
[2024-12-17 15:24:11] Add 5 and 3: Result = 8
[2024-12-17 15:24:15] Add 5 and 3: Result = 8
[2024-12-17 15:24:19] Add 5 and 3: Result = 8
[2024-12-17 15:24:55] Multiply 5 and 3: Result = 15
[2024-12-17 15:25:12] Multiply 5 and 4: Result = 20
[2024-12-17 15:28:43] Divide 2 and 4: Result = 0.5
[2024-12-17 15:30:37] Divide 2 and 2: Result = 1.0
[2024-12-17 15:30:40] Divide 2 and 2: Result = 1.0
[2024-12-17 15:30:49] Divide 2 and 2: Result = 1.0
[2024-12-17 15:32:37] Add 5 and 10: Result = 15
[2024-12-17 15:34:09] Divide 1 and 5: Result = 0.2
[2024-12-17 15:34:49] Divide 15 and 3: Result = 5.0
[2024-12-17 15:45:40] Multiply 5 and 4: Result = 20
[2024-12-17 15:45:55] Add 4 and 6: Result = 10
[2024-12-17 17:00:46] Add 5 and 4: Result = 9
[2024-12-17 17:00:58] Multiply 5 and 8: Result = 40
[2024-12-18 20:17:23] Multiply 6 and 5: Result = 30
[2024-12-18 20:17:31] Add 8 and 13: Result = 21
[2024-12-19 00:29:28] Add 2 and 3: Result = 5
[2024-12-19 00:32:14] Add 2 and 3: Result = 5
[2024-12-19 00:32:22] Add 5 and 8: Result = 13
[2024-12-19 00:32:35] Multiply 8 and 4: Result = 32
[2024-12-19 00:35:25] Multiply 2 and 5: Result = 10
[2024-12-19 00:48:26] Add 10 and 20: Result = 30
[2024-12-19 00:48:26] Multiply 2 and 5: Result = 10
[2024-12-19 00:48:26] Divide 100 and 5: Result = 20
[2024-12-19 00:48:26] Subtract 50 and 25: Result = 25
[2024-12-19 01:02:24] Add 10 and 20: Result = 30
[2024-12-19 01:02:24] Multiply 2 and 5: Result = 10
[2024-12-19 01:02:24] Divide 100 and 5: Result = 20
[2024-12-19 01:02:24] Subtract 50 and 25: Result = 25
[2024-12-19 01:08:51] Add 10 and 20: Result = 30
[2024-12-19 01:08:51] Multiply 2 and 5: Result = 10
[2024-12-19 01:08:51] Divide 100 and 5: Result = 20
[2024-12-19 01:08:51] Subtract 50 and 25: Result = 25
[2024-12-19 01:13:17] Add 2.0 and 2.0: Result = 4.0
[2024-12-19 01:16:18] Add 10 and 20: Result = 30
[2024-12-19 01:16:18] Multiply 2 and 5: Result = 10
[2024-12-19 01:16:18] Divide 100 and 5: Result = 20
[2024-12-19 01:16:18] Subtract 50 and 25: Result = 25
[2024-12-19 01:16:54] Multiply 4.0 and 5.0: Result = 20.0
[2024-12-19 01:17:06] Divide 41.0 and 5.0: Result = 8.2
